<?xml version="1.0" encoding="UTF-8"?>
<!-- Generated by org.testng.reporters.JUnitReportReporter -->
<testsuite skipped="0" hostname="system11" name="DriverFactory.Annotations1" tests="2" failures="0" timestamp="28 Sep 2019 02:41:52 GMT" time="0.014" errors="0">
  <testcase name="method2" time="0.008" classname="DriverFactory.Annotations1"/>
  <testcase name="method1" time="0.006" classname="DriverFactory.Annotations1"/>
</testsuite> <!-- DriverFactory.Annotations1 -->
