<?xml version="1.0" encoding="UTF-8"?>
<!-- Generated by org.testng.reporters.JUnitReportReporter -->
<testsuite skipped="0" hostname="system11" name="DriverFactory.Annotations2" tests="2" failures="0" timestamp="28 Sep 2019 02:41:52 GMT" time="0.007" errors="0">
  <testcase name="method3" time="0.004" classname="DriverFactory.Annotations2"/>
  <testcase name="method4" time="0.003" classname="DriverFactory.Annotations2"/>
</testsuite> <!-- DriverFactory.Annotations2 -->
