<?xml version="1.0" encoding="UTF-8"?>
<!-- Generated by org.testng.reporters.JUnitReportReporter -->
<testsuite skipped="0" hostname="DESKTOP-J253E70" name="DriverFactory.AppTest" tests="1" failures="0" timestamp="2020-01-17T22:23:50 IST" time="51.193" errors="0">
  <testcase name="kickStart" time="51.193" classname="DriverFactory.AppTest"/>
</testsuite> <!-- DriverFactory.AppTest -->
