<?xml version="1.0" encoding="UTF-8"?>
<!-- Generated by org.testng.reporters.JUnitReportReporter -->
<testsuite skipped="0" hostname="system11" name="VasuTestNg.Parameterization" tests="2" failures="0" timestamp="28 Sep 2019 03:28:35 GMT" time="0.015" errors="0">
  <testcase name="login" time="0.015" classname="VasuTestNg.Parameterization"/>
  <testcase name="login" time="0.000" classname="VasuTestNg.Parameterization"/>
</testsuite> <!-- VasuTestNg.Parameterization -->
