<?xml version="1.0" encoding="UTF-8"?>
<!-- Generated by org.testng.reporters.JUnitReportReporter -->
<testsuite skipped="1" hostname="system11" name="VasuTestNg.IgnoreTestCase" tests="6" failures="0" timestamp="28 Sep 2019 03:11:29 GMT" time="0.032" errors="0">
  <testcase name="method1" time="0.000" classname="VasuTestNg.IgnoreTestCase"/>
  <testcase name="method1" time="0.016" classname="VasuTestNg.IgnoreTestCase"/>
  <testcase name="method1" time="0.016" classname="VasuTestNg.IgnoreTestCase"/>
  <testcase name="method1" time="0.000" classname="VasuTestNg.IgnoreTestCase"/>
  <testcase name="method1" time="0.000" classname="VasuTestNg.IgnoreTestCase"/>
  <testcase name="method2" classname="VasuTestNg.IgnoreTestCase">
    <skipped/>
  </testcase> <!-- method2 -->
</testsuite> <!-- VasuTestNg.IgnoreTestCase -->
