<?xml version="1.0" encoding="UTF-8"?>
<!-- Generated by org.testng.reporters.JUnitReportReporter -->
<testsuite skipped="0" hostname="DESKTOP-J253E70" name="DriverFactory.AppTest" tests="1" failures="0" timestamp="2020-01-21T11:05:52 IST" time="0.029" errors="0">
  <testcase name="kickStart" time="0.029" classname="DriverFactory.AppTest"/>
</testsuite> <!-- DriverFactory.AppTest -->
