<?xml version="1.0" encoding="UTF-8"?>
<!-- Generated by org.testng.reporters.JUnitReportReporter -->
<testsuite skipped="0" hostname="system11" name="VasuTestNg.GroupTest1" tests="1" failures="0" timestamp="28 Sep 2019 03:18:22 GMT" time="0.016" errors="0">
  <testcase name="smoke" time="0.016" classname="VasuTestNg.GroupTest1"/>
</testsuite> <!-- VasuTestNg.GroupTest1 -->
